android/app/build/intermediates/manifest_merge_blame_file/debug/manifest-merger-blame-debug-report.txt
1<?xml version="1.0" encoding="utf-8"?>
2<manifest xmlns:android="http://schemas.android.com/apk/res/android"
3    package="com.embeddeprinter"
4    android:versionCode="1"
5    android:versionName="1.0" >
6
7    <uses-sdk
8        android:minSdkVersion="21"
9        android:targetSdkVersion="31" />
10
11    <uses-permission android:name="android.permission.SYSTEM_ALERT_WINDOW" />
11-->src\debug\AndroidManifest.xml:5:5-77
11-->src\debug\AndroidManifest.xml:5:22-75
12    <uses-permission android:name="android.permission.INTERNET" />
12-->src\main\AndroidManifest.xml:4:5-67
12-->src\main\AndroidManifest.xml:4:22-64
13    <uses-permission android:name="android.permission.ACCESS_WIFI_STATE" />
13-->[com.facebook.flipper:flipper:0.125.0] AndroidManifest.xml:16:5-76
13-->[com.facebook.flipper:flipper:0.125.0] AndroidManifest.xml:16:22-73
14
15    <application
15-->src\main\AndroidManifest.xml:6:5-25:19
16        android:name="com.embeddeprinter.MainApplication"
16-->src\main\AndroidManifest.xml:7:7-38
17        android:allowBackup="false"
17-->src\main\AndroidManifest.xml:11:7-34
18        android:appComponentFactory="androidx.core.app.CoreComponentFactory"
18-->[androidx.core:core:1.5.0] AndroidManifest.xml:24:18-86
19        android:debuggable="true"
20        android:icon="@mipmap/ic_launcher"
20-->src\main\AndroidManifest.xml:9:7-41
21        android:label="@string/app_name"
21-->src\main\AndroidManifest.xml:8:7-39
22        android:roundIcon="@mipmap/ic_launcher_round"
22-->src\main\AndroidManifest.xml:10:7-52
23        android:testOnly="true"
24        android:theme="@style/AppTheme"
24-->src\main\AndroidManifest.xml:12:7-38
25        android:usesCleartextTraffic="true" >
25-->src\debug\AndroidManifest.xml:8:9-44
26        <activity
26-->src\debug\AndroidManifest.xml:11:9-111
27            android:name="com.facebook.react.devsupport.DevSettingsActivity"
27-->src\debug\AndroidManifest.xml:11:19-83
28            android:exported="false" />
28-->src\debug\AndroidManifest.xml:11:84-108
29        <activity
29-->src\main\AndroidManifest.xml:13:7-24:18
30            android:name="com.embeddeprinter.MainActivity"
30-->src\main\AndroidManifest.xml:14:9-37
31            android:configChanges="keyboard|keyboardHidden|orientation|screenLayout|screenSize|smallestScreenSize|uiMode"
31-->src\main\AndroidManifest.xml:16:9-118
32            android:exported="true"
32-->src\main\AndroidManifest.xml:19:9-32
33            android:label="@string/app_name"
33-->src\main\AndroidManifest.xml:15:9-41
34            android:launchMode="singleTask"
34-->src\main\AndroidManifest.xml:17:9-40
35            android:windowSoftInputMode="adjustResize" >
35-->src\main\AndroidManifest.xml:18:9-51
36            <intent-filter>
36-->src\main\AndroidManifest.xml:20:9-23:25
37                <action android:name="android.intent.action.MAIN" />
37-->src\main\AndroidManifest.xml:21:13-65
37-->src\main\AndroidManifest.xml:21:21-62
38
39                <category android:name="android.intent.category.LAUNCHER" />
39-->src\main\AndroidManifest.xml:22:13-73
39-->src\main\AndroidManifest.xml:22:23-70
40            </intent-filter>
41        </activity>
42        <activity
42-->[pub.devrel:easypermissions:3.0.0] AndroidManifest.xml:12:9-16:66
43            android:name="pub.devrel.easypermissions.AppSettingsDialogHolderActivity"
43-->[pub.devrel:easypermissions:3.0.0] AndroidManifest.xml:13:13-86
44            android:exported="false"
44-->[pub.devrel:easypermissions:3.0.0] AndroidManifest.xml:14:13-37
45            android:label=""
45-->[pub.devrel:easypermissions:3.0.0] AndroidManifest.xml:15:13-29
46            android:theme="@style/EasyPermissions.Transparent" />
46-->[pub.devrel:easypermissions:3.0.0] AndroidManifest.xml:16:13-63
47    </application>
48
49</manifest>